<?xml version="1.0" encoding="UTF-8"?>
<!-- Generated by org.testng.reporters.JUnitXMLReporter -->
<testsuite ignored="2" hostname="DESKTOP-HN0JOUI" failures="0" tests="1" name="Default test" time="133.543" errors="0" timestamp="2022-09-17T11:25:41 IST">
  <testcase classname="com.qa.FacebookLoginValidation.LoginPageValidation" name="loginfail2" time="42.992"/>
  <testcase classname="com.qa.FacebookLoginValidation.LoginPageValidation" name="loginWithCorrectUsernameAndWrongPassword" time="0.0">
    <ignored/>
  </testcase> <!-- loginWithCorrectUsernameAndWrongPassword -->
  <testcase classname="com.qa.FacebookLoginValidation.LoginPageValidation" name="loginWithoutUsernameAndPassword" time="0.0">
    <ignored/>
  </testcase> <!-- loginWithoutUsernameAndPassword -->
</testsuite> <!-- Default test -->
