<?xml version="1.0" encoding="UTF-8"?>
<testng-results ignored="2" total="3" passed="1" failed="0" skipped="0">
  <reporter-output>
  </reporter-output>
  <suite started-at="2022-09-17T11:23:27 IST" name="Default suite" finished-at="2022-09-17T11:25:40 IST" duration-ms="133543">
    <groups>
    </groups>
    <test started-at="2022-09-17T11:23:27 IST" name="Default test" finished-at="2022-09-17T11:25:40 IST" duration-ms="133543">
      <class name="com.qa.FacebookLoginValidation.LoginPageValidation">
        <test-method is-config="true" signature="setUp()[pri:0, instance:com.qa.FacebookLoginValidation.LoginPageValidation@156b88f5]" started-at="2022-09-17T11:23:27 IST" name="setUp" finished-at="2022-09-17T11:24:57 IST" duration-ms="90428" status="PASS">
          <reporter-output>
          </reporter-output>
        </test-method> <!-- setUp -->
        <test-method signature="loginfail2()[pri:0, instance:com.qa.FacebookLoginValidation.LoginPageValidation@156b88f5]" started-at="2022-09-17T11:24:57 IST" name="loginfail2" finished-at="2022-09-17T11:25:40 IST" duration-ms="42992" status="PASS">
          <reporter-output>
          </reporter-output>
        </test-method> <!-- loginfail2 -->
      </class> <!-- com.qa.FacebookLoginValidation.LoginPageValidation -->
    </test> <!-- Default test -->
  </suite> <!-- Default suite -->
</testng-results>
